<?xml version="1.0" encoding="UTF-8"?>
<testsuite xmlns:xsi="http://www.w3.org/2001/XMLSchema-instance" xsi:noNamespaceSchemaLocation="https://maven.apache.org/surefire/maven-surefire-plugin/xsd/surefire-test-report.xsd" name="huawei.cloudbu.mock1to4.service.mock10.FileServiceTest" time="0.026" tests="2" errors="0" skipped="0" failures="0">
  <properties>
    <property name="sun.desktop" value="windows"/>
    <property name="awt.toolkit" value="sun.awt.windows.WToolkit"/>
    <property name="file.encoding.pkg" value="sun.io"/>
    <property name="java.specification.version" value="1.8"/>
    <property name="sun.cpu.isalist" value="amd64"/>
    <property name="sun.jnu.encoding" value="GBK"/>
    <property name="java.class.path" value="D:\github repository\PowerMockLearning\powermock\target\test-classes;D:\github repository\PowerMockLearning\powermock\target\classes;D:\apache-maven-3.5.4\mavenrepository\org\powermock\powermock-module-junit4\1.5.6\powermock-module-junit4-1.5.6.jar;D:\apache-maven-3.5.4\mavenrepository\org\powermock\powermock-module-junit4-common\1.5.6\powermock-module-junit4-common-1.5.6.jar;D:\apache-maven-3.5.4\mavenrepository\org\powermock\powermock-core\1.5.6\powermock-core-1.5.6.jar;D:\apache-maven-3.5.4\mavenrepository\org\javassist\javassist\3.18.2-GA\javassist-3.18.2-GA.jar;D:\apache-maven-3.5.4\mavenrepository\org\powermock\powermock-reflect\1.5.6\powermock-reflect-1.5.6.jar;D:\apache-maven-3.5.4\mavenrepository\org\objenesis\objenesis\2.1\objenesis-2.1.jar;D:\apache-maven-3.5.4\mavenrepository\org\powermock\powermock-api-mockito\1.5.6\powermock-api-mockito-1.5.6.jar;D:\apache-maven-3.5.4\mavenrepository\org\mockito\mockito-all\1.9.5\mockito-all-1.9.5.jar;D:\apache-maven-3.5.4\mavenrepository\org\powermock\powermock-api-support\1.5.6\powermock-api-support-1.5.6.jar;D:\apache-maven-3.5.4\mavenrepository\junit\junit\4.11\junit-4.11.jar;D:\apache-maven-3.5.4\mavenrepository\org\hamcrest\hamcrest-core\1.3\hamcrest-core-1.3.jar;D:\apache-maven-3.5.4\mavenrepository\org\springframework\boot\spring-boot-starter-web\2.0.7.RELEASE\spring-boot-starter-web-2.0.7.RELEASE.jar;D:\apache-maven-3.5.4\mavenrepository\org\springframework\boot\spring-boot-starter\2.0.7.RELEASE\spring-boot-starter-2.0.7.RELEASE.jar;D:\apache-maven-3.5.4\mavenrepository\org\springframework\boot\spring-boot-starter-logging\2.0.7.RELEASE\spring-boot-starter-logging-2.0.7.RELEASE.jar;D:\apache-maven-3.5.4\mavenrepository\ch\qos\logback\logback-classic\1.2.3\logback-classic-1.2.3.jar;D:\apache-maven-3.5.4\mavenrepository\ch\qos\logback\logback-core\1.2.3\logback-core-1.2.3.jar;D:\apache-maven-3.5.4\mavenrepository\org\apache\logging\log4j\log4j-to-slf4j\2.10.0\log4j-to-slf4j-2.10.0.jar;D:\apache-maven-3.5.4\mavenrepository\org\apache\logging\log4j\log4j-api\2.10.0\log4j-api-2.10.0.jar;D:\apache-maven-3.5.4\mavenrepository\org\slf4j\jul-to-slf4j\1.7.25\jul-to-slf4j-1.7.25.jar;D:\apache-maven-3.5.4\mavenrepository\javax\annotation\javax.annotation-api\1.3.2\javax.annotation-api-1.3.2.jar;D:\apache-maven-3.5.4\mavenrepository\org\springframework\spring-core\5.0.11.RELEASE\spring-core-5.0.11.RELEASE.jar;D:\apache-maven-3.5.4\mavenrepository\org\springframework\spring-jcl\5.0.11.RELEASE\spring-jcl-5.0.11.RELEASE.jar;D:\apache-maven-3.5.4\mavenrepository\org\yaml\snakeyaml\1.19\snakeyaml-1.19.jar;D:\apache-maven-3.5.4\mavenrepository\org\springframework\boot\spring-boot-starter-json\2.0.7.RELEASE\spring-boot-starter-json-2.0.7.RELEASE.jar;D:\apache-maven-3.5.4\mavenrepository\com\fasterxml\jackson\core\jackson-databind\2.9.7\jackson-databind-2.9.7.jar;D:\apache-maven-3.5.4\mavenrepository\com\fasterxml\jackson\core\jackson-annotations\2.9.0\jackson-annotations-2.9.0.jar;D:\apache-maven-3.5.4\mavenrepository\com\fasterxml\jackson\core\jackson-core\2.9.7\jackson-core-2.9.7.jar;D:\apache-maven-3.5.4\mavenrepository\com\fasterxml\jackson\datatype\jackson-datatype-jdk8\2.9.7\jackson-datatype-jdk8-2.9.7.jar;D:\apache-maven-3.5.4\mavenrepository\com\fasterxml\jackson\datatype\jackson-datatype-jsr310\2.9.7\jackson-datatype-jsr310-2.9.7.jar;D:\apache-maven-3.5.4\mavenrepository\com\fasterxml\jackson\module\jackson-module-parameter-names\2.9.7\jackson-module-parameter-names-2.9.7.jar;D:\apache-maven-3.5.4\mavenrepository\org\springframework\boot\spring-boot-starter-tomcat\2.0.7.RELEASE\spring-boot-starter-tomcat-2.0.7.RELEASE.jar;D:\apache-maven-3.5.4\mavenrepository\org\apache\tomcat\embed\tomcat-embed-core\8.5.35\tomcat-embed-core-8.5.35.jar;D:\apache-maven-3.5.4\mavenrepository\org\apache\tomcat\embed\tomcat-embed-el\8.5.35\tomcat-embed-el-8.5.35.jar;D:\apache-maven-3.5.4\mavenrepository\org\apache\tomcat\embed\tomcat-embed-websocket\8.5.35\tomcat-embed-websocket-8.5.35.jar;D:\apache-maven-3.5.4\mavenrepository\org\hibernate\validator\hibernate-validator\6.0.13.Final\hibernate-validator-6.0.13.Final.jar;D:\apache-maven-3.5.4\mavenrepository\javax\validation\validation-api\2.0.1.Final\validation-api-2.0.1.Final.jar;D:\apache-maven-3.5.4\mavenrepository\org\jboss\logging\jboss-logging\3.3.2.Final\jboss-logging-3.3.2.Final.jar;D:\apache-maven-3.5.4\mavenrepository\com\fasterxml\classmate\1.3.4\classmate-1.3.4.jar;D:\apache-maven-3.5.4\mavenrepository\org\springframework\spring-web\5.0.11.RELEASE\spring-web-5.0.11.RELEASE.jar;D:\apache-maven-3.5.4\mavenrepository\org\springframework\spring-beans\5.0.11.RELEASE\spring-beans-5.0.11.RELEASE.jar;D:\apache-maven-3.5.4\mavenrepository\org\springframework\spring-webmvc\5.0.11.RELEASE\spring-webmvc-5.0.11.RELEASE.jar;D:\apache-maven-3.5.4\mavenrepository\org\springframework\spring-aop\5.0.11.RELEASE\spring-aop-5.0.11.RELEASE.jar;D:\apache-maven-3.5.4\mavenrepository\org\springframework\spring-context\5.0.11.RELEASE\spring-context-5.0.11.RELEASE.jar;D:\apache-maven-3.5.4\mavenrepository\org\springframework\spring-expression\5.0.11.RELEASE\spring-expression-5.0.11.RELEASE.jar;D:\apache-maven-3.5.4\mavenrepository\org\mybatis\spring\boot\mybatis-spring-boot-starter\1.3.2\mybatis-spring-boot-starter-1.3.2.jar;D:\apache-maven-3.5.4\mavenrepository\org\springframework\boot\spring-boot-starter-jdbc\2.0.7.RELEASE\spring-boot-starter-jdbc-2.0.7.RELEASE.jar;D:\apache-maven-3.5.4\mavenrepository\com\zaxxer\HikariCP\2.7.9\HikariCP-2.7.9.jar;D:\apache-maven-3.5.4\mavenrepository\org\springframework\spring-jdbc\5.0.11.RELEASE\spring-jdbc-5.0.11.RELEASE.jar;D:\apache-maven-3.5.4\mavenrepository\org\springframework\spring-tx\5.0.11.RELEASE\spring-tx-5.0.11.RELEASE.jar;D:\apache-maven-3.5.4\mavenrepository\org\mybatis\spring\boot\mybatis-spring-boot-autoconfigure\1.3.2\mybatis-spring-boot-autoconfigure-1.3.2.jar;D:\apache-maven-3.5.4\mavenrepository\org\mybatis\mybatis\3.4.6\mybatis-3.4.6.jar;D:\apache-maven-3.5.4\mavenrepository\org\mybatis\mybatis-spring\1.3.2\mybatis-spring-1.3.2.jar;D:\apache-maven-3.5.4\mavenrepository\org\springframework\boot\spring-boot-devtools\2.0.7.RELEASE\spring-boot-devtools-2.0.7.RELEASE.jar;D:\apache-maven-3.5.4\mavenrepository\org\springframework\boot\spring-boot\2.0.7.RELEASE\spring-boot-2.0.7.RELEASE.jar;D:\apache-maven-3.5.4\mavenrepository\org\springframework\boot\spring-boot-autoconfigure\2.0.7.RELEASE\spring-boot-autoconfigure-2.0.7.RELEASE.jar;D:\apache-maven-3.5.4\mavenrepository\com\alibaba\druid-spring-boot-starter\1.1.10\druid-spring-boot-starter-1.1.10.jar;D:\apache-maven-3.5.4\mavenrepository\com\alibaba\druid\1.1.10\druid-1.1.10.jar;D:\apache-maven-3.5.4\mavenrepository\org\slf4j\slf4j-api\1.7.25\slf4j-api-1.7.25.jar;D:\apache-maven-3.5.4\mavenrepository\mysql\mysql-connector-java\5.1.47\mysql-connector-java-5.1.47.jar;"/>
    <property name="java.vm.vendor" value="Oracle Corporation"/>
    <property name="sun.arch.data.model" value="64"/>
    <property name="user.variant" value=""/>
    <property name="java.vendor.url" value="http://java.oracle.com/"/>
    <property name="user.timezone" value=""/>
    <property name="java.vm.specification.version" value="1.8"/>
    <property name="os.name" value="Windows 10"/>
    <property name="user.country" value="CN"/>
    <property name="sun.java.launcher" value="SUN_STANDARD"/>
    <property name="sun.boot.library.path" value="D:\jdk1.8\jre\bin"/>
    <property name="sun.java.command" value="C:\Users\79297\AppData\Local\Temp\surefire5688507966367332089\surefirebooter3611830021317308847.jar C:\Users\79297\AppData\Local\Temp\surefire5688507966367332089 2019-06-25T09-26-51_205-jvmRun1 surefire122323401946415942tmp surefire_08736953532080964455tmp"/>
    <property name="surefire.test.class.path" value="D:\github repository\PowerMockLearning\powermock\target\test-classes;D:\github repository\PowerMockLearning\powermock\target\classes;D:\apache-maven-3.5.4\mavenrepository\org\powermock\powermock-module-junit4\1.5.6\powermock-module-junit4-1.5.6.jar;D:\apache-maven-3.5.4\mavenrepository\org\powermock\powermock-module-junit4-common\1.5.6\powermock-module-junit4-common-1.5.6.jar;D:\apache-maven-3.5.4\mavenrepository\org\powermock\powermock-core\1.5.6\powermock-core-1.5.6.jar;D:\apache-maven-3.5.4\mavenrepository\org\javassist\javassist\3.18.2-GA\javassist-3.18.2-GA.jar;D:\apache-maven-3.5.4\mavenrepository\org\powermock\powermock-reflect\1.5.6\powermock-reflect-1.5.6.jar;D:\apache-maven-3.5.4\mavenrepository\org\objenesis\objenesis\2.1\objenesis-2.1.jar;D:\apache-maven-3.5.4\mavenrepository\org\powermock\powermock-api-mockito\1.5.6\powermock-api-mockito-1.5.6.jar;D:\apache-maven-3.5.4\mavenrepository\org\mockito\mockito-all\1.9.5\mockito-all-1.9.5.jar;D:\apache-maven-3.5.4\mavenrepository\org\powermock\powermock-api-support\1.5.6\powermock-api-support-1.5.6.jar;D:\apache-maven-3.5.4\mavenrepository\junit\junit\4.11\junit-4.11.jar;D:\apache-maven-3.5.4\mavenrepository\org\hamcrest\hamcrest-core\1.3\hamcrest-core-1.3.jar;D:\apache-maven-3.5.4\mavenrepository\org\springframework\boot\spring-boot-starter-web\2.0.7.RELEASE\spring-boot-starter-web-2.0.7.RELEASE.jar;D:\apache-maven-3.5.4\mavenrepository\org\springframework\boot\spring-boot-starter\2.0.7.RELEASE\spring-boot-starter-2.0.7.RELEASE.jar;D:\apache-maven-3.5.4\mavenrepository\org\springframework\boot\spring-boot-starter-logging\2.0.7.RELEASE\spring-boot-starter-logging-2.0.7.RELEASE.jar;D:\apache-maven-3.5.4\mavenrepository\ch\qos\logback\logback-classic\1.2.3\logback-classic-1.2.3.jar;D:\apache-maven-3.5.4\mavenrepository\ch\qos\logback\logback-core\1.2.3\logback-core-1.2.3.jar;D:\apache-maven-3.5.4\mavenrepository\org\apache\logging\log4j\log4j-to-slf4j\2.10.0\log4j-to-slf4j-2.10.0.jar;D:\apache-maven-3.5.4\mavenrepository\org\apache\logging\log4j\log4j-api\2.10.0\log4j-api-2.10.0.jar;D:\apache-maven-3.5.4\mavenrepository\org\slf4j\jul-to-slf4j\1.7.25\jul-to-slf4j-1.7.25.jar;D:\apache-maven-3.5.4\mavenrepository\javax\annotation\javax.annotation-api\1.3.2\javax.annotation-api-1.3.2.jar;D:\apache-maven-3.5.4\mavenrepository\org\springframework\spring-core\5.0.11.RELEASE\spring-core-5.0.11.RELEASE.jar;D:\apache-maven-3.5.4\mavenrepository\org\springframework\spring-jcl\5.0.11.RELEASE\spring-jcl-5.0.11.RELEASE.jar;D:\apache-maven-3.5.4\mavenrepository\org\yaml\snakeyaml\1.19\snakeyaml-1.19.jar;D:\apache-maven-3.5.4\mavenrepository\org\springframework\boot\spring-boot-starter-json\2.0.7.RELEASE\spring-boot-starter-json-2.0.7.RELEASE.jar;D:\apache-maven-3.5.4\mavenrepository\com\fasterxml\jackson\core\jackson-databind\2.9.7\jackson-databind-2.9.7.jar;D:\apache-maven-3.5.4\mavenrepository\com\fasterxml\jackson\core\jackson-annotations\2.9.0\jackson-annotations-2.9.0.jar;D:\apache-maven-3.5.4\mavenrepository\com\fasterxml\jackson\core\jackson-core\2.9.7\jackson-core-2.9.7.jar;D:\apache-maven-3.5.4\mavenrepository\com\fasterxml\jackson\datatype\jackson-datatype-jdk8\2.9.7\jackson-datatype-jdk8-2.9.7.jar;D:\apache-maven-3.5.4\mavenrepository\com\fasterxml\jackson\datatype\jackson-datatype-jsr310\2.9.7\jackson-datatype-jsr310-2.9.7.jar;D:\apache-maven-3.5.4\mavenrepository\com\fasterxml\jackson\module\jackson-module-parameter-names\2.9.7\jackson-module-parameter-names-2.9.7.jar;D:\apache-maven-3.5.4\mavenrepository\org\springframework\boot\spring-boot-starter-tomcat\2.0.7.RELEASE\spring-boot-starter-tomcat-2.0.7.RELEASE.jar;D:\apache-maven-3.5.4\mavenrepository\org\apache\tomcat\embed\tomcat-embed-core\8.5.35\tomcat-embed-core-8.5.35.jar;D:\apache-maven-3.5.4\mavenrepository\org\apache\tomcat\embed\tomcat-embed-el\8.5.35\tomcat-embed-el-8.5.35.jar;D:\apache-maven-3.5.4\mavenrepository\org\apache\tomcat\embed\tomcat-embed-websocket\8.5.35\tomcat-embed-websocket-8.5.35.jar;D:\apache-maven-3.5.4\mavenrepository\org\hibernate\validator\hibernate-validator\6.0.13.Final\hibernate-validator-6.0.13.Final.jar;D:\apache-maven-3.5.4\mavenrepository\javax\validation\validation-api\2.0.1.Final\validation-api-2.0.1.Final.jar;D:\apache-maven-3.5.4\mavenrepository\org\jboss\logging\jboss-logging\3.3.2.Final\jboss-logging-3.3.2.Final.jar;D:\apache-maven-3.5.4\mavenrepository\com\fasterxml\classmate\1.3.4\classmate-1.3.4.jar;D:\apache-maven-3.5.4\mavenrepository\org\springframework\spring-web\5.0.11.RELEASE\spring-web-5.0.11.RELEASE.jar;D:\apache-maven-3.5.4\mavenrepository\org\springframework\spring-beans\5.0.11.RELEASE\spring-beans-5.0.11.RELEASE.jar;D:\apache-maven-3.5.4\mavenrepository\org\springframework\spring-webmvc\5.0.11.RELEASE\spring-webmvc-5.0.11.RELEASE.jar;D:\apache-maven-3.5.4\mavenrepository\org\springframework\spring-aop\5.0.11.RELEASE\spring-aop-5.0.11.RELEASE.jar;D:\apache-maven-3.5.4\mavenrepository\org\springframework\spring-context\5.0.11.RELEASE\spring-context-5.0.11.RELEASE.jar;D:\apache-maven-3.5.4\mavenrepository\org\springframework\spring-expression\5.0.11.RELEASE\spring-expression-5.0.11.RELEASE.jar;D:\apache-maven-3.5.4\mavenrepository\org\mybatis\spring\boot\mybatis-spring-boot-starter\1.3.2\mybatis-spring-boot-starter-1.3.2.jar;D:\apache-maven-3.5.4\mavenrepository\org\springframework\boot\spring-boot-starter-jdbc\2.0.7.RELEASE\spring-boot-starter-jdbc-2.0.7.RELEASE.jar;D:\apache-maven-3.5.4\mavenrepository\com\zaxxer\HikariCP\2.7.9\HikariCP-2.7.9.jar;D:\apache-maven-3.5.4\mavenrepository\org\springframework\spring-jdbc\5.0.11.RELEASE\spring-jdbc-5.0.11.RELEASE.jar;D:\apache-maven-3.5.4\mavenrepository\org\springframework\spring-tx\5.0.11.RELEASE\spring-tx-5.0.11.RELEASE.jar;D:\apache-maven-3.5.4\mavenrepository\org\mybatis\spring\boot\mybatis-spring-boot-autoconfigure\1.3.2\mybatis-spring-boot-autoconfigure-1.3.2.jar;D:\apache-maven-3.5.4\mavenrepository\org\mybatis\mybatis\3.4.6\mybatis-3.4.6.jar;D:\apache-maven-3.5.4\mavenrepository\org\mybatis\mybatis-spring\1.3.2\mybatis-spring-1.3.2.jar;D:\apache-maven-3.5.4\mavenrepository\org\springframework\boot\spring-boot-devtools\2.0.7.RELEASE\spring-boot-devtools-2.0.7.RELEASE.jar;D:\apache-maven-3.5.4\mavenrepository\org\springframework\boot\spring-boot\2.0.7.RELEASE\spring-boot-2.0.7.RELEASE.jar;D:\apache-maven-3.5.4\mavenrepository\org\springframework\boot\spring-boot-autoconfigure\2.0.7.RELEASE\spring-boot-autoconfigure-2.0.7.RELEASE.jar;D:\apache-maven-3.5.4\mavenrepository\com\alibaba\druid-spring-boot-starter\1.1.10\druid-spring-boot-starter-1.1.10.jar;D:\apache-maven-3.5.4\mavenrepository\com\alibaba\druid\1.1.10\druid-1.1.10.jar;D:\apache-maven-3.5.4\mavenrepository\org\slf4j\slf4j-api\1.7.25\slf4j-api-1.7.25.jar;D:\apache-maven-3.5.4\mavenrepository\mysql\mysql-connector-java\5.1.47\mysql-connector-java-5.1.47.jar;"/>
    <property name="sun.cpu.endian" value="little"/>
    <property name="user.home" value="C:\Users\79297"/>
    <property name="user.language" value="zh"/>
    <property name="java.specification.vendor" value="Oracle Corporation"/>
    <property name="java.home" value="D:\jdk1.8\jre"/>
    <property name="basedir" value="D:\github repository\PowerMockLearning\powermock"/>
    <property name="file.separator" value="\"/>
    <property name="line.separator" value="&#10;"/>
    <property name="java.vm.specification.vendor" value="Oracle Corporation"/>
    <property name="java.specification.name" value="Java Platform API Specification"/>
    <property name="java.awt.graphicsenv" value="sun.awt.Win32GraphicsEnvironment"/>
    <property name="surefire.real.class.path" value="C:\Users\79297\AppData\Local\Temp\surefire5688507966367332089\surefirebooter3611830021317308847.jar"/>
    <property name="sun.boot.class.path" value="D:\jdk1.8\jre\lib\resources.jar;D:\jdk1.8\jre\lib\rt.jar;D:\jdk1.8\jre\lib\sunrsasign.jar;D:\jdk1.8\jre\lib\jsse.jar;D:\jdk1.8\jre\lib\jce.jar;D:\jdk1.8\jre\lib\charsets.jar;D:\jdk1.8\jre\lib\jfr.jar;D:\jdk1.8\jre\classes"/>
    <property name="user.script" value=""/>
    <property name="sun.management.compiler" value="HotSpot 64-Bit Tiered Compilers"/>
    <property name="java.runtime.version" value="1.8.0_111-b14"/>
    <property name="user.name" value="79297"/>
    <property name="path.separator" value=";"/>
    <property name="os.version" value="10.0"/>
    <property name="java.endorsed.dirs" value="D:\jdk1.8\jre\lib\endorsed"/>
    <property name="java.runtime.name" value="Java(TM) SE Runtime Environment"/>
    <property name="file.encoding" value="GBK"/>
    <property name="java.vm.name" value="Java HotSpot(TM) 64-Bit Server VM"/>
    <property name="localRepository" value="D:\apache-maven-3.5.4\mavenrepository"/>
    <property name="java.vendor.url.bug" value="http://bugreport.sun.com/bugreport/"/>
    <property name="java.io.tmpdir" value="C:\Users\79297\AppData\Local\Temp\"/>
    <property name="java.version" value="1.8.0_111"/>
    <property name="user.dir" value="D:\github repository\PowerMockLearning\powermock"/>
    <property name="os.arch" value="amd64"/>
    <property name="java.vm.specification.name" value="Java Virtual Machine Specification"/>
    <property name="java.awt.printerjob" value="sun.awt.windows.WPrinterJob"/>
    <property name="sun.os.patch.level" value=""/>
    <property name="java.library.path" value="D:\jdk1.8\jre\bin;C:\WINDOWS\Sun\Java\bin;C:\WINDOWS\system32;C:\WINDOWS;C:\Program Files (x86)\Common Files\Oracle\Java\javapath;D:\qingjiao\jdk1.8\bin;C:\Program Files\Microsoft SQL Server\110\DTS\Binn\;C:\Program Files (x86)\Microsoft SQL Server\110\Tools\Binn\;C:\Program Files\Microsoft SQL Server\110\Tools\Binn\;D:\mysql-5.7.21-winx64\bin;c:\windows\system32;C:\Program Files\Java\jre1.8.0_151;D:\apache-maven-3.5.4\bin;C:\WINDOWS\system32;C:\WINDOWS;C:\WINDOWS\System32\Wbem;C:\WINDOWS\System32\WindowsPowerShell\v1.0\;C:\WINDOWS\System32\OpenSSH\;C:\Program Files\Intel\WiFi\bin\;C:\Program Files\Common Files\Intel\WirelessCommon\;F:\tomcat7.09;G:\tomcat7.09;C:\Program Files (x86)\NVIDIA Corporation\PhysX\Common;D:\build_opencv\bin;D:\build_opencv\lib;D:\build_opencv\install\include\opencv;D:\build_opencv\install\include\opencv2;D:\qt\5.9\mingw53_32\bin;D:\qt\Tools\mingw530_32\bin;D:\jdk1.8\bin;C:\Program Files\EmEditor;F:\node.js\;F:\Git\cmd;C:\Ruby23\bin;F:\Tools\WinNT;F:\MSDev98\Bin;F:\Tools;F:\VC98\bin;C:\Users\79297\AppData\Local\Microsoft\WindowsApps;C:\Users\79297\AppData\Local\GitHubDesktop\bin;C:\Users\79297\AppData\Local\Microsoft\WindowsApps;C:\Users\79297\AppData\Roaming\npm;."/>
    <property name="java.vm.info" value="mixed mode"/>
    <property name="java.vendor" value="Oracle Corporation"/>
    <property name="java.vm.version" value="25.111-b14"/>
    <property name="java.ext.dirs" value="D:\jdk1.8\jre\lib\ext;C:\WINDOWS\Sun\Java\lib\ext"/>
    <property name="sun.io.unicode.encoding" value="UnicodeLittle"/>
    <property name="java.class.version" value="52.0"/>
  </properties>
  <testcase name="testWriteSpy" classname="huawei.cloudbu.mock1to4.service.mock10.FileServiceTest" time="0.021"/>
  <testcase name="testWrite" classname="huawei.cloudbu.mock1to4.service.mock10.FileServiceTest" time="0.001"/>
</testsuite>